{"content": {"suites": {"0": {"status": {"total_pass": 0, "total_skip": 0, "total_xpass": 0, "total_xfail": 0, "total_rerun": 0, "total_fail": 4, "total_error": 0}, "tests": {"0": {"status": "FAIL", "message": "   TypeError: cannot unpack non-iterable bool object\n", "test_name": "test_complete_purchase[standard_user-secret_sauce]", "rerun": "0"}, "1": {"status": "FAIL", "message": "   selenium.common.exceptions.TimeoutException: Message: \n   Stacktrace:\n   0   chromedriver                        0x000000010129e138 chromedriver + 4923704\n   1   chromedriver                        0x00000001012169d3 chromedriver + 4368851\n   2   chromedriver                        0x0000000100e5f787 chromedriver + 472967\n   3   chromedriver                        0x0000000100ea3ba3 chromedriver + 752547\n   4   chromedriver                        0x0000000100ea3df1 chromedriver + 753137\n   5   chromedriver                        0x0000000100eea734 chromedriver + 1042228\n   6   chromedriver                        0x0000000100eccfdd chromedriver + 921565\n   7   chromedriver                        0x0000000100ee7c0f chromedriver + 1031183\n   8   chromedriver                        0x0000000100eccd23 chromedriver + 920867\n   9   chromedriver                        0x0000000100e93a4b chromedriver + 686667\n   10  chromedriver                        0x0000000100e95044 chromedriver + 692292\n   11  chromedriver                        0x00000001012698fe chromedriver + 4708606\n   12  chromedriver                        0x000000010126ee22 chromedriver + 4730402\n   13  chromedriver                        0x00000001012776bf chromedriver + 4765375\n   14  chromedriver                        0x000000010126fe80 chromedriver + 4734592\n   15  chromedriver                        0x0000000101240975 chromedriver + 4540789\n   16  chromedriver                        0x0000000101291e78 chromedriver + 4873848\n   17  chromedriver                        0x0000000101291ff5 chromedriver + 4874229\n   18  chromedriver                        0x00000001012a66de chromedriver + 4957918\n   19  libsystem_pthread.dylib             0x00007ff80abc74e1 _pthread_start + 125\n   20  libsystem_pthread.dylib             0x00007ff80abc2f6b thread_start + 15\n", "test_name": "test_all_users_login[locked_out_user-secret_sauce]", "rerun": "0"}, "2": {"status": "FAIL", "message": "   selenium.common.exceptions.TimeoutException: Message: \n   Stacktrace:\n   0   chromedriver                        0x000000010129e138 chromedriver + 4923704\n   1   chromedriver                        0x00000001012169d3 chromedriver + 4368851\n   2   chromedriver                        0x0000000100e5f787 chromedriver + 472967\n   3   chromedriver                        0x0000000100ea3ba3 chromedriver + 752547\n   4   chromedriver                        0x0000000100ea3df1 chromedriver + 753137\n   5   chromedriver                        0x0000000100eea734 chromedriver + 1042228\n   6   chromedriver                        0x0000000100eccfdd chromedriver + 921565\n   7   chromedriver                        0x0000000100ee7c0f chromedriver + 1031183\n   8   chromedriver                        0x0000000100eccd23 chromedriver + 920867\n   9   chromedriver                        0x0000000100e93a4b chromedriver + 686667\n   10  chromedriver                        0x0000000100e95044 chromedriver + 692292\n   11  chromedriver                        0x00000001012698fe chromedriver + 4708606\n   12  chromedriver                        0x000000010126ee22 chromedriver + 4730402\n   13  chromedriver                        0x00000001012776bf chromedriver + 4765375\n   14  chromedriver                        0x000000010126fe80 chromedriver + 4734592\n   15  chromedriver                        0x0000000101240975 chromedriver + 4540789\n   16  chromedriver                        0x0000000101291e78 chromedriver + 4873848\n   17  chromedriver                        0x0000000101291ff5 chromedriver + 4874229\n   18  chromedriver                        0x00000001012a66de chromedriver + 4957918\n   19  libsystem_pthread.dylib             0x00007ff80abc74e1 _pthread_start + 125\n   20  libsystem_pthread.dylib             0x00007ff80abc2f6b thread_start + 15\n", "test_name": "test_all_users_login[problem_user-secret_sauce]", "rerun": "0"}, "3": {"status": "FAIL", "message": "   selenium.common.exceptions.TimeoutException: Message: \n   Stacktrace:\n   0   chromedriver                        0x000000010129e138 chromedriver + 4923704\n   1   chromedriver                        0x00000001012169d3 chromedriver + 4368851\n   2   chromedriver                        0x0000000100e5f787 chromedriver + 472967\n   3   chromedriver                        0x0000000100ea3ba3 chromedriver + 752547\n   4   chromedriver                        0x0000000100ea3df1 chromedriver + 753137\n   5   chromedriver                        0x0000000100eea734 chromedriver + 1042228\n   6   chromedriver                        0x0000000100eccfdd chromedriver + 921565\n   7   chromedriver                        0x0000000100ee7c0f chromedriver + 1031183\n   8   chromedriver                        0x0000000100eccd23 chromedriver + 920867\n   9   chromedriver                        0x0000000100e93a4b chromedriver + 686667\n   10  chromedriver                        0x0000000100e95044 chromedriver + 692292\n   11  chromedriver                        0x00000001012698fe chromedriver + 4708606\n   12  chromedriver                        0x000000010126ee22 chromedriver + 4730402\n   13  chromedriver                        0x00000001012776bf chromedriver + 4765375\n   14  chromedriver                        0x000000010126fe80 chromedriver + 4734592\n   15  chromedriver                        0x0000000101240975 chromedriver + 4540789\n   16  chromedriver                        0x0000000101291e78 chromedriver + 4873848\n   17  chromedriver                        0x0000000101291ff5 chromedriver + 4874229\n   18  chromedriver                        0x00000001012a66de chromedriver + 4957918\n   19  libsystem_pthread.dylib             0x00007ff80abc74e1 _pthread_start + 125\n   20  libsystem_pthread.dylib             0x00007ff80abc2f6b thread_start + 15\n", "test_name": "test_all_users_login[performance_glitch_user-secret_sauce]", "rerun": "0"}}, "suite_name": "Tests/test_page.py"}}}, "date": "March 02, 2023", "start_time": 1677739023.439302, "total_suite": 1, "status": "FAIL", "status_list": {"pass": "0", "fail": "4", "skip": "0", "error": "0", "xpass": "0", "xfail": "0", "rerun": "0"}, "total_tests": "4"}